Analysis & Synthesis report for 1901042646_hw2
Thu Dec 08 20:06:49 2022
Quartus II 64-Bit Version 13.1.0 Build 162 10/23/2013 SJ Web Edition


---------------------
; Table of Contents ;
---------------------
  1. Legal Notice
  2. Analysis & Synthesis Summary
  3. Analysis & Synthesis Settings
  4. Parallel Compilation
  5. Analysis & Synthesis Source Files Read
  6. Analysis & Synthesis Resource Usage Summary
  7. Analysis & Synthesis Resource Utilization by Entity
  8. General Register Statistics
  9. Multiplexer Restructuring Statistics (Restructuring Performed)
 10. Port Connectivity Checks: "_8x1_mux:M31"
 11. Port Connectivity Checks: "_8x1_mux:M30"
 12. Port Connectivity Checks: "_8x1_mux:M29"
 13. Port Connectivity Checks: "_8x1_mux:M28"
 14. Port Connectivity Checks: "_8x1_mux:M27"
 15. Port Connectivity Checks: "_8x1_mux:M26"
 16. Port Connectivity Checks: "_8x1_mux:M25"
 17. Port Connectivity Checks: "_8x1_mux:M24"
 18. Port Connectivity Checks: "_8x1_mux:M23"
 19. Port Connectivity Checks: "_8x1_mux:M22"
 20. Port Connectivity Checks: "_8x1_mux:M21"
 21. Port Connectivity Checks: "_8x1_mux:M20"
 22. Port Connectivity Checks: "_8x1_mux:M19"
 23. Port Connectivity Checks: "_8x1_mux:M18"
 24. Port Connectivity Checks: "_8x1_mux:M17"
 25. Port Connectivity Checks: "_8x1_mux:M16"
 26. Port Connectivity Checks: "_8x1_mux:M15"
 27. Port Connectivity Checks: "_8x1_mux:M14"
 28. Port Connectivity Checks: "_8x1_mux:M13"
 29. Port Connectivity Checks: "_8x1_mux:M12"
 30. Port Connectivity Checks: "_8x1_mux:M11"
 31. Port Connectivity Checks: "_8x1_mux:M10"
 32. Port Connectivity Checks: "_8x1_mux:M9"
 33. Port Connectivity Checks: "_8x1_mux:M8"
 34. Port Connectivity Checks: "_8x1_mux:M7"
 35. Port Connectivity Checks: "_8x1_mux:M6"
 36. Port Connectivity Checks: "_8x1_mux:M5"
 37. Port Connectivity Checks: "_8x1_mux:M4"
 38. Port Connectivity Checks: "_8x1_mux:M3"
 39. Port Connectivity Checks: "_8x1_mux:M2"
 40. Port Connectivity Checks: "_8x1_mux:M1"
 41. Port Connectivity Checks: "_32_bit_set_less_than:slt_nums|_32_bit_subtractor:sub"
 42. Port Connectivity Checks: "_32_bit_subtractor:sub_nums|_32_bit_adder:A0"
 43. Port Connectivity Checks: "_32_bit_subtractor:sub_nums"
 44. Port Connectivity Checks: "_32_bit_adder:add_nums"
 45. Elapsed Time Per Partition
 46. Analysis & Synthesis Messages
 47. Analysis & Synthesis Suppressed Messages



----------------
; Legal Notice ;
----------------
Copyright (C) 1991-2013 Altera Corporation
Your use of Altera Corporation's design tools, logic functions 
and other software and tools, and its AMPP partner logic 
functions, and any output files from any of the foregoing 
(including device programming or simulation files), and any 
associated documentation or information are expressly subject 
to the terms and conditions of the Altera Program License 
Subscription Agreement, Altera MegaCore Function License 
Agreement, or other applicable license agreement, including, 
without limitation, that your use is for the sole purpose of 
programming logic devices manufactured by Altera and sold by 
Altera or its authorized distributors.  Please refer to the 
applicable agreement for further details.



+---------------------------------------------------------------------------------+
; Analysis & Synthesis Summary                                                    ;
+------------------------------------+--------------------------------------------+
; Analysis & Synthesis Status        ; Successful - Thu Dec 08 20:06:49 2022      ;
; Quartus II 64-Bit Version          ; 13.1.0 Build 162 10/23/2013 SJ Web Edition ;
; Revision Name                      ; 1901042646_hw2                             ;
; Top-level Entity Name              ; alu32                                      ;
; Family                             ; Cyclone IV GX                              ;
; Total logic elements               ; 200                                        ;
;     Total combinational functions  ; 200                                        ;
;     Dedicated logic registers      ; 0                                          ;
; Total registers                    ; 0                                          ;
; Total pins                         ; 99                                         ;
; Total virtual pins                 ; 0                                          ;
; Total memory bits                  ; 0                                          ;
; Embedded Multiplier 9-bit elements ; 0                                          ;
; Total GXB Receiver Channel PCS     ; 0                                          ;
; Total GXB Receiver Channel PMA     ; 0                                          ;
; Total GXB Transmitter Channel PCS  ; 0                                          ;
; Total GXB Transmitter Channel PMA  ; 0                                          ;
; Total PLLs                         ; 0                                          ;
+------------------------------------+--------------------------------------------+


+----------------------------------------------------------------------------------------------------------------------+
; Analysis & Synthesis Settings                                                                                        ;
+----------------------------------------------------------------------------+--------------------+--------------------+
; Option                                                                     ; Setting            ; Default Value      ;
+----------------------------------------------------------------------------+--------------------+--------------------+
; Top-level entity name                                                      ; alu32              ; 1901042646_hw2     ;
; Family name                                                                ; Cyclone IV GX      ; Cyclone IV GX      ;
; Use smart compilation                                                      ; Off                ; Off                ;
; Enable parallel Assembler and TimeQuest Timing Analyzer during compilation ; On                 ; On                 ;
; Enable compact report table                                                ; Off                ; Off                ;
; Restructure Multiplexers                                                   ; Auto               ; Auto               ;
; Create Debugging Nodes for IP Cores                                        ; Off                ; Off                ;
; Preserve fewer node names                                                  ; On                 ; On                 ;
; Disable OpenCore Plus hardware evaluation                                  ; Off                ; Off                ;
; Verilog Version                                                            ; Verilog_2001       ; Verilog_2001       ;
; VHDL Version                                                               ; VHDL_1993          ; VHDL_1993          ;
; State Machine Processing                                                   ; Auto               ; Auto               ;
; Safe State Machine                                                         ; Off                ; Off                ;
; Extract Verilog State Machines                                             ; On                 ; On                 ;
; Extract VHDL State Machines                                                ; On                 ; On                 ;
; Ignore Verilog initial constructs                                          ; Off                ; Off                ;
; Iteration limit for constant Verilog loops                                 ; 5000               ; 5000               ;
; Iteration limit for non-constant Verilog loops                             ; 250                ; 250                ;
; Add Pass-Through Logic to Inferred RAMs                                    ; On                 ; On                 ;
; Infer RAMs from Raw Logic                                                  ; On                 ; On                 ;
; Parallel Synthesis                                                         ; On                 ; On                 ;
; DSP Block Balancing                                                        ; Auto               ; Auto               ;
; NOT Gate Push-Back                                                         ; On                 ; On                 ;
; Power-Up Don't Care                                                        ; On                 ; On                 ;
; Remove Redundant Logic Cells                                               ; Off                ; Off                ;
; Remove Duplicate Registers                                                 ; On                 ; On                 ;
; Ignore CARRY Buffers                                                       ; Off                ; Off                ;
; Ignore CASCADE Buffers                                                     ; Off                ; Off                ;
; Ignore GLOBAL Buffers                                                      ; Off                ; Off                ;
; Ignore ROW GLOBAL Buffers                                                  ; Off                ; Off                ;
; Ignore LCELL Buffers                                                       ; Off                ; Off                ;
; Ignore SOFT Buffers                                                        ; On                 ; On                 ;
; Limit AHDL Integers to 32 Bits                                             ; Off                ; Off                ;
; Optimization Technique                                                     ; Balanced           ; Balanced           ;
; Carry Chain Length                                                         ; 70                 ; 70                 ;
; Auto Carry Chains                                                          ; On                 ; On                 ;
; Auto Open-Drain Pins                                                       ; On                 ; On                 ;
; Perform WYSIWYG Primitive Resynthesis                                      ; Off                ; Off                ;
; Auto ROM Replacement                                                       ; On                 ; On                 ;
; Auto RAM Replacement                                                       ; On                 ; On                 ;
; Auto DSP Block Replacement                                                 ; On                 ; On                 ;
; Auto Shift Register Replacement                                            ; Auto               ; Auto               ;
; Allow Shift Register Merging across Hierarchies                            ; Auto               ; Auto               ;
; Auto Clock Enable Replacement                                              ; On                 ; On                 ;
; Strict RAM Replacement                                                     ; Off                ; Off                ;
; Allow Synchronous Control Signals                                          ; On                 ; On                 ;
; Force Use of Synchronous Clear Signals                                     ; Off                ; Off                ;
; Auto RAM Block Balancing                                                   ; On                 ; On                 ;
; Auto RAM to Logic Cell Conversion                                          ; Off                ; Off                ;
; Auto Resource Sharing                                                      ; Off                ; Off                ;
; Allow Any RAM Size For Recognition                                         ; Off                ; Off                ;
; Allow Any ROM Size For Recognition                                         ; Off                ; Off                ;
; Allow Any Shift Register Size For Recognition                              ; Off                ; Off                ;
; Use LogicLock Constraints during Resource Balancing                        ; On                 ; On                 ;
; Ignore translate_off and synthesis_off directives                          ; Off                ; Off                ;
; Timing-Driven Synthesis                                                    ; On                 ; On                 ;
; Report Parameter Settings                                                  ; On                 ; On                 ;
; Report Source Assignments                                                  ; On                 ; On                 ;
; Report Connectivity Checks                                                 ; On                 ; On                 ;
; Ignore Maximum Fan-Out Assignments                                         ; Off                ; Off                ;
; Synchronization Register Chain Length                                      ; 2                  ; 2                  ;
; PowerPlay Power Optimization                                               ; Normal compilation ; Normal compilation ;
; HDL message level                                                          ; Level2             ; Level2             ;
; Suppress Register Optimization Related Messages                            ; Off                ; Off                ;
; Number of Removed Registers Reported in Synthesis Report                   ; 5000               ; 5000               ;
; Number of Swept Nodes Reported in Synthesis Report                         ; 5000               ; 5000               ;
; Number of Inverted Registers Reported in Synthesis Report                  ; 100                ; 100                ;
; Clock MUX Protection                                                       ; On                 ; On                 ;
; Auto Gated Clock Conversion                                                ; Off                ; Off                ;
; Block Design Naming                                                        ; Auto               ; Auto               ;
; SDC constraint protection                                                  ; Off                ; Off                ;
; Synthesis Effort                                                           ; Auto               ; Auto               ;
; Shift Register Replacement - Allow Asynchronous Clear Signal               ; On                 ; On                 ;
; Pre-Mapping Resynthesis Optimization                                       ; Off                ; Off                ;
; Analysis & Synthesis Message Level                                         ; Medium             ; Medium             ;
; Disable Register Merging Across Hierarchies                                ; Auto               ; Auto               ;
; Resource Aware Inference For Block RAM                                     ; On                 ; On                 ;
; Synthesis Seed                                                             ; 1                  ; 1                  ;
+----------------------------------------------------------------------------+--------------------+--------------------+


Parallel compilation was disabled, but you have multiple processors available. Enable parallel compilation to reduce compilation time.
+-------------------------------------+
; Parallel Compilation                ;
+----------------------------+--------+
; Processors                 ; Number ;
+----------------------------+--------+
; Number detected on machine ; 12     ;
; Maximum allowed            ; 1      ;
+----------------------------+--------+


+------------------------------------------------------------------------------------------------------------------------------------------------------+
; Analysis & Synthesis Source Files Read                                                                                                               ;
+----------------------------------+-----------------+------------------------+--------------------------------------------------------------+---------+
; File Name with User-Entered Path ; Used in Netlist ; File Type              ; File Name with Absolute Path                                 ; Library ;
+----------------------------------+-----------------+------------------------+--------------------------------------------------------------+---------+
; alu32.v                          ; yes             ; User Verilog HDL File  ; C:/Users/Mert/Desktop/1901042646_hw2/alu32.v                 ;         ;
; half_adder.v                     ; yes             ; User Verilog HDL File  ; C:/Users/Mert/Desktop/1901042646_hw2/half_adder.v            ;         ;
; full_adder.v                     ; yes             ; User Verilog HDL File  ; C:/Users/Mert/Desktop/1901042646_hw2/full_adder.v            ;         ;
; _32_bit_adder.v                  ; yes             ; User Verilog HDL File  ; C:/Users/Mert/Desktop/1901042646_hw2/_32_bit_adder.v         ;         ;
; _32_bit_set_less_than.v          ; yes             ; User Verilog HDL File  ; C:/Users/Mert/Desktop/1901042646_hw2/_32_bit_set_less_than.v ;         ;
; _32_bit_subtractor.v             ; yes             ; User Verilog HDL File  ; C:/Users/Mert/Desktop/1901042646_hw2/_32_bit_subtractor.v    ;         ;
; _32_bits_and.v                   ; yes             ; User Verilog HDL File  ; C:/Users/Mert/Desktop/1901042646_hw2/_32_bits_and.v          ;         ;
; _32_bits_or.v                    ; yes             ; User Verilog HDL File  ; C:/Users/Mert/Desktop/1901042646_hw2/_32_bits_or.v           ;         ;
; _32_bits_xor.v                   ; yes             ; User Verilog HDL File  ; C:/Users/Mert/Desktop/1901042646_hw2/_32_bits_xor.v          ;         ;
; _32_bits_nor.v                   ; yes             ; User Verilog HDL File  ; C:/Users/Mert/Desktop/1901042646_hw2/_32_bits_nor.v          ;         ;
; _8x1_mux.v                       ; yes             ; User Verilog HDL File  ; C:/Users/Mert/Desktop/1901042646_hw2/_8x1_mux.v              ;         ;
; _2x1_mux.v                       ; yes             ; User Verilog HDL File  ; C:/Users/Mert/Desktop/1901042646_hw2/_2x1_mux.v              ;         ;
+----------------------------------+-----------------+------------------------+--------------------------------------------------------------+---------+


+---------------------------------------------------------+
; Analysis & Synthesis Resource Usage Summary             ;
+--------------------------+------------------------------+
; Resource                 ; Usage                        ;
+--------------------------+------------------------------+
; I/O pins                 ; 99                           ;
; DSP block 9-bit elements ; 0                            ;
; Maximum fan-out node     ; _8x1_mux:M1|_2x1_mux:M6|O0~1 ;
; Maximum fan-out          ; 88                           ;
; Total fan-out            ; 863                          ;
; Average fan-out          ; 2.17                         ;
+--------------------------+------------------------------+


+------------------------------------------------------------------------------------------------------------------------------------------------------------------------------------------------------------------------------------------------------------------------------------------+
; Analysis & Synthesis Resource Utilization by Entity                                                                                                                                                                                                                                      ;
+-------------------------------------+-------------------+--------------+-------------+--------------+---------+-----------+-----------+------+--------------+-------------------------------------------------------------------------------------------------------------+--------------+
; Compilation Hierarchy Node          ; LC Combinationals ; LC Registers ; Memory Bits ; DSP Elements ; DSP 9x9 ; DSP 18x18 ; DSP 36x36 ; Pins ; Virtual Pins ; Full Hierarchy Name                                                                                         ; Library Name ;
+-------------------------------------+-------------------+--------------+-------------+--------------+---------+-----------+-----------+------+--------------+-------------------------------------------------------------------------------------------------------------+--------------+
; |alu32                              ; 200 (0)           ; 0 (0)        ; 0           ; 0            ; 0       ; 0         ; 0         ; 99   ; 0            ; |alu32                                                                                                      ; work         ;
;    |_32_bit_adder:add_nums|         ; 29 (0)            ; 0 (0)        ; 0           ; 0            ; 0       ; 0         ; 0         ; 0    ; 0            ; |alu32|_32_bit_adder:add_nums                                                                               ; work         ;
;       |full_adder:FA10|             ; 1 (1)             ; 0 (0)        ; 0           ; 0            ; 0       ; 0         ; 0         ; 0    ; 0            ; |alu32|_32_bit_adder:add_nums|full_adder:FA10                                                               ; work         ;
;       |full_adder:FA11|             ; 1 (1)             ; 0 (0)        ; 0           ; 0            ; 0       ; 0         ; 0         ; 0    ; 0            ; |alu32|_32_bit_adder:add_nums|full_adder:FA11                                                               ; work         ;
;       |full_adder:FA12|             ; 1 (1)             ; 0 (0)        ; 0           ; 0            ; 0       ; 0         ; 0         ; 0    ; 0            ; |alu32|_32_bit_adder:add_nums|full_adder:FA12                                                               ; work         ;
;       |full_adder:FA13|             ; 1 (1)             ; 0 (0)        ; 0           ; 0            ; 0       ; 0         ; 0         ; 0    ; 0            ; |alu32|_32_bit_adder:add_nums|full_adder:FA13                                                               ; work         ;
;       |full_adder:FA14|             ; 1 (1)             ; 0 (0)        ; 0           ; 0            ; 0       ; 0         ; 0         ; 0    ; 0            ; |alu32|_32_bit_adder:add_nums|full_adder:FA14                                                               ; work         ;
;       |full_adder:FA15|             ; 1 (1)             ; 0 (0)        ; 0           ; 0            ; 0       ; 0         ; 0         ; 0    ; 0            ; |alu32|_32_bit_adder:add_nums|full_adder:FA15                                                               ; work         ;
;       |full_adder:FA16|             ; 1 (1)             ; 0 (0)        ; 0           ; 0            ; 0       ; 0         ; 0         ; 0    ; 0            ; |alu32|_32_bit_adder:add_nums|full_adder:FA16                                                               ; work         ;
;       |full_adder:FA17|             ; 1 (1)             ; 0 (0)        ; 0           ; 0            ; 0       ; 0         ; 0         ; 0    ; 0            ; |alu32|_32_bit_adder:add_nums|full_adder:FA17                                                               ; work         ;
;       |full_adder:FA18|             ; 1 (1)             ; 0 (0)        ; 0           ; 0            ; 0       ; 0         ; 0         ; 0    ; 0            ; |alu32|_32_bit_adder:add_nums|full_adder:FA18                                                               ; work         ;
;       |full_adder:FA19|             ; 1 (1)             ; 0 (0)        ; 0           ; 0            ; 0       ; 0         ; 0         ; 0    ; 0            ; |alu32|_32_bit_adder:add_nums|full_adder:FA19                                                               ; work         ;
;       |full_adder:FA1|              ; 1 (1)             ; 0 (0)        ; 0           ; 0            ; 0       ; 0         ; 0         ; 0    ; 0            ; |alu32|_32_bit_adder:add_nums|full_adder:FA1                                                                ; work         ;
;       |full_adder:FA20|             ; 1 (1)             ; 0 (0)        ; 0           ; 0            ; 0       ; 0         ; 0         ; 0    ; 0            ; |alu32|_32_bit_adder:add_nums|full_adder:FA20                                                               ; work         ;
;       |full_adder:FA21|             ; 1 (1)             ; 0 (0)        ; 0           ; 0            ; 0       ; 0         ; 0         ; 0    ; 0            ; |alu32|_32_bit_adder:add_nums|full_adder:FA21                                                               ; work         ;
;       |full_adder:FA22|             ; 1 (1)             ; 0 (0)        ; 0           ; 0            ; 0       ; 0         ; 0         ; 0    ; 0            ; |alu32|_32_bit_adder:add_nums|full_adder:FA22                                                               ; work         ;
;       |full_adder:FA23|             ; 1 (1)             ; 0 (0)        ; 0           ; 0            ; 0       ; 0         ; 0         ; 0    ; 0            ; |alu32|_32_bit_adder:add_nums|full_adder:FA23                                                               ; work         ;
;       |full_adder:FA24|             ; 1 (1)             ; 0 (0)        ; 0           ; 0            ; 0       ; 0         ; 0         ; 0    ; 0            ; |alu32|_32_bit_adder:add_nums|full_adder:FA24                                                               ; work         ;
;       |full_adder:FA25|             ; 1 (1)             ; 0 (0)        ; 0           ; 0            ; 0       ; 0         ; 0         ; 0    ; 0            ; |alu32|_32_bit_adder:add_nums|full_adder:FA25                                                               ; work         ;
;       |full_adder:FA26|             ; 1 (1)             ; 0 (0)        ; 0           ; 0            ; 0       ; 0         ; 0         ; 0    ; 0            ; |alu32|_32_bit_adder:add_nums|full_adder:FA26                                                               ; work         ;
;       |full_adder:FA27|             ; 1 (1)             ; 0 (0)        ; 0           ; 0            ; 0       ; 0         ; 0         ; 0    ; 0            ; |alu32|_32_bit_adder:add_nums|full_adder:FA27                                                               ; work         ;
;       |full_adder:FA28|             ; 1 (1)             ; 0 (0)        ; 0           ; 0            ; 0       ; 0         ; 0         ; 0    ; 0            ; |alu32|_32_bit_adder:add_nums|full_adder:FA28                                                               ; work         ;
;       |full_adder:FA29|             ; 1 (1)             ; 0 (0)        ; 0           ; 0            ; 0       ; 0         ; 0         ; 0    ; 0            ; |alu32|_32_bit_adder:add_nums|full_adder:FA29                                                               ; work         ;
;       |full_adder:FA2|              ; 1 (1)             ; 0 (0)        ; 0           ; 0            ; 0       ; 0         ; 0         ; 0    ; 0            ; |alu32|_32_bit_adder:add_nums|full_adder:FA2                                                                ; work         ;
;       |full_adder:FA4|              ; 2 (2)             ; 0 (0)        ; 0           ; 0            ; 0       ; 0         ; 0         ; 0    ; 0            ; |alu32|_32_bit_adder:add_nums|full_adder:FA4                                                                ; work         ;
;       |full_adder:FA5|              ; 1 (1)             ; 0 (0)        ; 0           ; 0            ; 0       ; 0         ; 0         ; 0    ; 0            ; |alu32|_32_bit_adder:add_nums|full_adder:FA5                                                                ; work         ;
;       |full_adder:FA6|              ; 1 (1)             ; 0 (0)        ; 0           ; 0            ; 0       ; 0         ; 0         ; 0    ; 0            ; |alu32|_32_bit_adder:add_nums|full_adder:FA6                                                                ; work         ;
;       |full_adder:FA7|              ; 1 (1)             ; 0 (0)        ; 0           ; 0            ; 0       ; 0         ; 0         ; 0    ; 0            ; |alu32|_32_bit_adder:add_nums|full_adder:FA7                                                                ; work         ;
;       |full_adder:FA8|              ; 1 (1)             ; 0 (0)        ; 0           ; 0            ; 0       ; 0         ; 0         ; 0    ; 0            ; |alu32|_32_bit_adder:add_nums|full_adder:FA8                                                                ; work         ;
;       |full_adder:FA9|              ; 1 (1)             ; 0 (0)        ; 0           ; 0            ; 0       ; 0         ; 0         ; 0    ; 0            ; |alu32|_32_bit_adder:add_nums|full_adder:FA9                                                                ; work         ;
;    |_32_bit_set_less_than:slt_nums| ; 30 (0)            ; 0 (0)        ; 0           ; 0            ; 0       ; 0         ; 0         ; 0    ; 0            ; |alu32|_32_bit_set_less_than:slt_nums                                                                       ; work         ;
;       |_32_bit_subtractor:sub|      ; 30 (0)            ; 0 (0)        ; 0           ; 0            ; 0       ; 0         ; 0         ; 0    ; 0            ; |alu32|_32_bit_set_less_than:slt_nums|_32_bit_subtractor:sub                                                ; work         ;
;          |_32_bit_adder:A0|         ; 30 (0)            ; 0 (0)        ; 0           ; 0            ; 0       ; 0         ; 0         ; 0    ; 0            ; |alu32|_32_bit_set_less_than:slt_nums|_32_bit_subtractor:sub|_32_bit_adder:A0                               ; work         ;
;             |full_adder:FA10|       ; 1 (1)             ; 0 (0)        ; 0           ; 0            ; 0       ; 0         ; 0         ; 0    ; 0            ; |alu32|_32_bit_set_less_than:slt_nums|_32_bit_subtractor:sub|_32_bit_adder:A0|full_adder:FA10               ; work         ;
;             |full_adder:FA11|       ; 1 (1)             ; 0 (0)        ; 0           ; 0            ; 0       ; 0         ; 0         ; 0    ; 0            ; |alu32|_32_bit_set_less_than:slt_nums|_32_bit_subtractor:sub|_32_bit_adder:A0|full_adder:FA11               ; work         ;
;             |full_adder:FA12|       ; 1 (1)             ; 0 (0)        ; 0           ; 0            ; 0       ; 0         ; 0         ; 0    ; 0            ; |alu32|_32_bit_set_less_than:slt_nums|_32_bit_subtractor:sub|_32_bit_adder:A0|full_adder:FA12               ; work         ;
;             |full_adder:FA13|       ; 1 (1)             ; 0 (0)        ; 0           ; 0            ; 0       ; 0         ; 0         ; 0    ; 0            ; |alu32|_32_bit_set_less_than:slt_nums|_32_bit_subtractor:sub|_32_bit_adder:A0|full_adder:FA13               ; work         ;
;             |full_adder:FA14|       ; 1 (1)             ; 0 (0)        ; 0           ; 0            ; 0       ; 0         ; 0         ; 0    ; 0            ; |alu32|_32_bit_set_less_than:slt_nums|_32_bit_subtractor:sub|_32_bit_adder:A0|full_adder:FA14               ; work         ;
;             |full_adder:FA15|       ; 1 (1)             ; 0 (0)        ; 0           ; 0            ; 0       ; 0         ; 0         ; 0    ; 0            ; |alu32|_32_bit_set_less_than:slt_nums|_32_bit_subtractor:sub|_32_bit_adder:A0|full_adder:FA15               ; work         ;
;             |full_adder:FA16|       ; 1 (1)             ; 0 (0)        ; 0           ; 0            ; 0       ; 0         ; 0         ; 0    ; 0            ; |alu32|_32_bit_set_less_than:slt_nums|_32_bit_subtractor:sub|_32_bit_adder:A0|full_adder:FA16               ; work         ;
;             |full_adder:FA17|       ; 1 (1)             ; 0 (0)        ; 0           ; 0            ; 0       ; 0         ; 0         ; 0    ; 0            ; |alu32|_32_bit_set_less_than:slt_nums|_32_bit_subtractor:sub|_32_bit_adder:A0|full_adder:FA17               ; work         ;
;             |full_adder:FA18|       ; 1 (1)             ; 0 (0)        ; 0           ; 0            ; 0       ; 0         ; 0         ; 0    ; 0            ; |alu32|_32_bit_set_less_than:slt_nums|_32_bit_subtractor:sub|_32_bit_adder:A0|full_adder:FA18               ; work         ;
;             |full_adder:FA19|       ; 1 (1)             ; 0 (0)        ; 0           ; 0            ; 0       ; 0         ; 0         ; 0    ; 0            ; |alu32|_32_bit_set_less_than:slt_nums|_32_bit_subtractor:sub|_32_bit_adder:A0|full_adder:FA19               ; work         ;
;             |full_adder:FA1|        ; 1 (1)             ; 0 (0)        ; 0           ; 0            ; 0       ; 0         ; 0         ; 0    ; 0            ; |alu32|_32_bit_set_less_than:slt_nums|_32_bit_subtractor:sub|_32_bit_adder:A0|full_adder:FA1                ; work         ;
;             |full_adder:FA20|       ; 1 (1)             ; 0 (0)        ; 0           ; 0            ; 0       ; 0         ; 0         ; 0    ; 0            ; |alu32|_32_bit_set_less_than:slt_nums|_32_bit_subtractor:sub|_32_bit_adder:A0|full_adder:FA20               ; work         ;
;             |full_adder:FA21|       ; 1 (1)             ; 0 (0)        ; 0           ; 0            ; 0       ; 0         ; 0         ; 0    ; 0            ; |alu32|_32_bit_set_less_than:slt_nums|_32_bit_subtractor:sub|_32_bit_adder:A0|full_adder:FA21               ; work         ;
;             |full_adder:FA22|       ; 1 (1)             ; 0 (0)        ; 0           ; 0            ; 0       ; 0         ; 0         ; 0    ; 0            ; |alu32|_32_bit_set_less_than:slt_nums|_32_bit_subtractor:sub|_32_bit_adder:A0|full_adder:FA22               ; work         ;
;             |full_adder:FA23|       ; 1 (1)             ; 0 (0)        ; 0           ; 0            ; 0       ; 0         ; 0         ; 0    ; 0            ; |alu32|_32_bit_set_less_than:slt_nums|_32_bit_subtractor:sub|_32_bit_adder:A0|full_adder:FA23               ; work         ;
;             |full_adder:FA24|       ; 1 (1)             ; 0 (0)        ; 0           ; 0            ; 0       ; 0         ; 0         ; 0    ; 0            ; |alu32|_32_bit_set_less_than:slt_nums|_32_bit_subtractor:sub|_32_bit_adder:A0|full_adder:FA24               ; work         ;
;             |full_adder:FA25|       ; 1 (1)             ; 0 (0)        ; 0           ; 0            ; 0       ; 0         ; 0         ; 0    ; 0            ; |alu32|_32_bit_set_less_than:slt_nums|_32_bit_subtractor:sub|_32_bit_adder:A0|full_adder:FA25               ; work         ;
;             |full_adder:FA26|       ; 1 (1)             ; 0 (0)        ; 0           ; 0            ; 0       ; 0         ; 0         ; 0    ; 0            ; |alu32|_32_bit_set_less_than:slt_nums|_32_bit_subtractor:sub|_32_bit_adder:A0|full_adder:FA26               ; work         ;
;             |full_adder:FA27|       ; 1 (1)             ; 0 (0)        ; 0           ; 0            ; 0       ; 0         ; 0         ; 0    ; 0            ; |alu32|_32_bit_set_less_than:slt_nums|_32_bit_subtractor:sub|_32_bit_adder:A0|full_adder:FA27               ; work         ;
;             |full_adder:FA28|       ; 1 (1)             ; 0 (0)        ; 0           ; 0            ; 0       ; 0         ; 0         ; 0    ; 0            ; |alu32|_32_bit_set_less_than:slt_nums|_32_bit_subtractor:sub|_32_bit_adder:A0|full_adder:FA28               ; work         ;
;             |full_adder:FA29|       ; 1 (1)             ; 0 (0)        ; 0           ; 0            ; 0       ; 0         ; 0         ; 0    ; 0            ; |alu32|_32_bit_set_less_than:slt_nums|_32_bit_subtractor:sub|_32_bit_adder:A0|full_adder:FA29               ; work         ;
;             |full_adder:FA2|        ; 1 (1)             ; 0 (0)        ; 0           ; 0            ; 0       ; 0         ; 0         ; 0    ; 0            ; |alu32|_32_bit_set_less_than:slt_nums|_32_bit_subtractor:sub|_32_bit_adder:A0|full_adder:FA2                ; work         ;
;             |full_adder:FA4|        ; 3 (0)             ; 0 (0)        ; 0           ; 0            ; 0       ; 0         ; 0         ; 0    ; 0            ; |alu32|_32_bit_set_less_than:slt_nums|_32_bit_subtractor:sub|_32_bit_adder:A0|full_adder:FA4                ; work         ;
;                |half_adder:HA1|     ; 2 (2)             ; 0 (0)        ; 0           ; 0            ; 0       ; 0         ; 0         ; 0    ; 0            ; |alu32|_32_bit_set_less_than:slt_nums|_32_bit_subtractor:sub|_32_bit_adder:A0|full_adder:FA4|half_adder:HA1 ; work         ;
;                |half_adder:HA2|     ; 1 (1)             ; 0 (0)        ; 0           ; 0            ; 0       ; 0         ; 0         ; 0    ; 0            ; |alu32|_32_bit_set_less_than:slt_nums|_32_bit_subtractor:sub|_32_bit_adder:A0|full_adder:FA4|half_adder:HA2 ; work         ;
;             |full_adder:FA5|        ; 1 (1)             ; 0 (0)        ; 0           ; 0            ; 0       ; 0         ; 0         ; 0    ; 0            ; |alu32|_32_bit_set_less_than:slt_nums|_32_bit_subtractor:sub|_32_bit_adder:A0|full_adder:FA5                ; work         ;
;             |full_adder:FA6|        ; 1 (1)             ; 0 (0)        ; 0           ; 0            ; 0       ; 0         ; 0         ; 0    ; 0            ; |alu32|_32_bit_set_less_than:slt_nums|_32_bit_subtractor:sub|_32_bit_adder:A0|full_adder:FA6                ; work         ;
;             |full_adder:FA7|        ; 1 (1)             ; 0 (0)        ; 0           ; 0            ; 0       ; 0         ; 0         ; 0    ; 0            ; |alu32|_32_bit_set_less_than:slt_nums|_32_bit_subtractor:sub|_32_bit_adder:A0|full_adder:FA7                ; work         ;
;             |full_adder:FA8|        ; 1 (1)             ; 0 (0)        ; 0           ; 0            ; 0       ; 0         ; 0         ; 0    ; 0            ; |alu32|_32_bit_set_less_than:slt_nums|_32_bit_subtractor:sub|_32_bit_adder:A0|full_adder:FA8                ; work         ;
;             |full_adder:FA9|        ; 1 (1)             ; 0 (0)        ; 0           ; 0            ; 0       ; 0         ; 0         ; 0    ; 0            ; |alu32|_32_bit_set_less_than:slt_nums|_32_bit_subtractor:sub|_32_bit_adder:A0|full_adder:FA9                ; work         ;
;    |_8x1_mux:M0|                    ; 6 (0)             ; 0 (0)        ; 0           ; 0            ; 0       ; 0         ; 0         ; 0    ; 0            ; |alu32|_8x1_mux:M0                                                                                          ; work         ;
;       |_2x1_mux:M6|                 ; 6 (6)             ; 0 (0)        ; 0           ; 0            ; 0       ; 0         ; 0         ; 0    ; 0            ; |alu32|_8x1_mux:M0|_2x1_mux:M6                                                                              ; work         ;
;    |_8x1_mux:M10|                   ; 4 (0)             ; 0 (0)        ; 0           ; 0            ; 0       ; 0         ; 0         ; 0    ; 0            ; |alu32|_8x1_mux:M10                                                                                         ; work         ;
;       |_2x1_mux:M6|                 ; 4 (4)             ; 0 (0)        ; 0           ; 0            ; 0       ; 0         ; 0         ; 0    ; 0            ; |alu32|_8x1_mux:M10|_2x1_mux:M6                                                                             ; work         ;
;    |_8x1_mux:M11|                   ; 4 (0)             ; 0 (0)        ; 0           ; 0            ; 0       ; 0         ; 0         ; 0    ; 0            ; |alu32|_8x1_mux:M11                                                                                         ; work         ;
;       |_2x1_mux:M6|                 ; 4 (4)             ; 0 (0)        ; 0           ; 0            ; 0       ; 0         ; 0         ; 0    ; 0            ; |alu32|_8x1_mux:M11|_2x1_mux:M6                                                                             ; work         ;
;    |_8x1_mux:M12|                   ; 4 (0)             ; 0 (0)        ; 0           ; 0            ; 0       ; 0         ; 0         ; 0    ; 0            ; |alu32|_8x1_mux:M12                                                                                         ; work         ;
;       |_2x1_mux:M6|                 ; 4 (4)             ; 0 (0)        ; 0           ; 0            ; 0       ; 0         ; 0         ; 0    ; 0            ; |alu32|_8x1_mux:M12|_2x1_mux:M6                                                                             ; work         ;
;    |_8x1_mux:M13|                   ; 4 (0)             ; 0 (0)        ; 0           ; 0            ; 0       ; 0         ; 0         ; 0    ; 0            ; |alu32|_8x1_mux:M13                                                                                         ; work         ;
;       |_2x1_mux:M6|                 ; 4 (4)             ; 0 (0)        ; 0           ; 0            ; 0       ; 0         ; 0         ; 0    ; 0            ; |alu32|_8x1_mux:M13|_2x1_mux:M6                                                                             ; work         ;
;    |_8x1_mux:M14|                   ; 4 (0)             ; 0 (0)        ; 0           ; 0            ; 0       ; 0         ; 0         ; 0    ; 0            ; |alu32|_8x1_mux:M14                                                                                         ; work         ;
;       |_2x1_mux:M6|                 ; 4 (4)             ; 0 (0)        ; 0           ; 0            ; 0       ; 0         ; 0         ; 0    ; 0            ; |alu32|_8x1_mux:M14|_2x1_mux:M6                                                                             ; work         ;
;    |_8x1_mux:M15|                   ; 4 (0)             ; 0 (0)        ; 0           ; 0            ; 0       ; 0         ; 0         ; 0    ; 0            ; |alu32|_8x1_mux:M15                                                                                         ; work         ;
;       |_2x1_mux:M6|                 ; 4 (4)             ; 0 (0)        ; 0           ; 0            ; 0       ; 0         ; 0         ; 0    ; 0            ; |alu32|_8x1_mux:M15|_2x1_mux:M6                                                                             ; work         ;
;    |_8x1_mux:M16|                   ; 4 (0)             ; 0 (0)        ; 0           ; 0            ; 0       ; 0         ; 0         ; 0    ; 0            ; |alu32|_8x1_mux:M16                                                                                         ; work         ;
;       |_2x1_mux:M6|                 ; 4 (4)             ; 0 (0)        ; 0           ; 0            ; 0       ; 0         ; 0         ; 0    ; 0            ; |alu32|_8x1_mux:M16|_2x1_mux:M6                                                                             ; work         ;
;    |_8x1_mux:M17|                   ; 4 (0)             ; 0 (0)        ; 0           ; 0            ; 0       ; 0         ; 0         ; 0    ; 0            ; |alu32|_8x1_mux:M17                                                                                         ; work         ;
;       |_2x1_mux:M6|                 ; 4 (4)             ; 0 (0)        ; 0           ; 0            ; 0       ; 0         ; 0         ; 0    ; 0            ; |alu32|_8x1_mux:M17|_2x1_mux:M6                                                                             ; work         ;
;    |_8x1_mux:M18|                   ; 4 (0)             ; 0 (0)        ; 0           ; 0            ; 0       ; 0         ; 0         ; 0    ; 0            ; |alu32|_8x1_mux:M18                                                                                         ; work         ;
;       |_2x1_mux:M6|                 ; 4 (4)             ; 0 (0)        ; 0           ; 0            ; 0       ; 0         ; 0         ; 0    ; 0            ; |alu32|_8x1_mux:M18|_2x1_mux:M6                                                                             ; work         ;
;    |_8x1_mux:M19|                   ; 4 (0)             ; 0 (0)        ; 0           ; 0            ; 0       ; 0         ; 0         ; 0    ; 0            ; |alu32|_8x1_mux:M19                                                                                         ; work         ;
;       |_2x1_mux:M6|                 ; 4 (4)             ; 0 (0)        ; 0           ; 0            ; 0       ; 0         ; 0         ; 0    ; 0            ; |alu32|_8x1_mux:M19|_2x1_mux:M6                                                                             ; work         ;
;    |_8x1_mux:M1|                    ; 9 (0)             ; 0 (0)        ; 0           ; 0            ; 0       ; 0         ; 0         ; 0    ; 0            ; |alu32|_8x1_mux:M1                                                                                          ; work         ;
;       |_2x1_mux:M6|                 ; 9 (9)             ; 0 (0)        ; 0           ; 0            ; 0       ; 0         ; 0         ; 0    ; 0            ; |alu32|_8x1_mux:M1|_2x1_mux:M6                                                                              ; work         ;
;    |_8x1_mux:M20|                   ; 4 (0)             ; 0 (0)        ; 0           ; 0            ; 0       ; 0         ; 0         ; 0    ; 0            ; |alu32|_8x1_mux:M20                                                                                         ; work         ;
;       |_2x1_mux:M6|                 ; 4 (4)             ; 0 (0)        ; 0           ; 0            ; 0       ; 0         ; 0         ; 0    ; 0            ; |alu32|_8x1_mux:M20|_2x1_mux:M6                                                                             ; work         ;
;    |_8x1_mux:M21|                   ; 4 (0)             ; 0 (0)        ; 0           ; 0            ; 0       ; 0         ; 0         ; 0    ; 0            ; |alu32|_8x1_mux:M21                                                                                         ; work         ;
;       |_2x1_mux:M6|                 ; 4 (4)             ; 0 (0)        ; 0           ; 0            ; 0       ; 0         ; 0         ; 0    ; 0            ; |alu32|_8x1_mux:M21|_2x1_mux:M6                                                                             ; work         ;
;    |_8x1_mux:M22|                   ; 4 (0)             ; 0 (0)        ; 0           ; 0            ; 0       ; 0         ; 0         ; 0    ; 0            ; |alu32|_8x1_mux:M22                                                                                         ; work         ;
;       |_2x1_mux:M6|                 ; 4 (4)             ; 0 (0)        ; 0           ; 0            ; 0       ; 0         ; 0         ; 0    ; 0            ; |alu32|_8x1_mux:M22|_2x1_mux:M6                                                                             ; work         ;
;    |_8x1_mux:M23|                   ; 4 (0)             ; 0 (0)        ; 0           ; 0            ; 0       ; 0         ; 0         ; 0    ; 0            ; |alu32|_8x1_mux:M23                                                                                         ; work         ;
;       |_2x1_mux:M6|                 ; 4 (4)             ; 0 (0)        ; 0           ; 0            ; 0       ; 0         ; 0         ; 0    ; 0            ; |alu32|_8x1_mux:M23|_2x1_mux:M6                                                                             ; work         ;
;    |_8x1_mux:M24|                   ; 4 (0)             ; 0 (0)        ; 0           ; 0            ; 0       ; 0         ; 0         ; 0    ; 0            ; |alu32|_8x1_mux:M24                                                                                         ; work         ;
;       |_2x1_mux:M6|                 ; 4 (4)             ; 0 (0)        ; 0           ; 0            ; 0       ; 0         ; 0         ; 0    ; 0            ; |alu32|_8x1_mux:M24|_2x1_mux:M6                                                                             ; work         ;
;    |_8x1_mux:M25|                   ; 4 (0)             ; 0 (0)        ; 0           ; 0            ; 0       ; 0         ; 0         ; 0    ; 0            ; |alu32|_8x1_mux:M25                                                                                         ; work         ;
;       |_2x1_mux:M6|                 ; 4 (4)             ; 0 (0)        ; 0           ; 0            ; 0       ; 0         ; 0         ; 0    ; 0            ; |alu32|_8x1_mux:M25|_2x1_mux:M6                                                                             ; work         ;
;    |_8x1_mux:M26|                   ; 4 (0)             ; 0 (0)        ; 0           ; 0            ; 0       ; 0         ; 0         ; 0    ; 0            ; |alu32|_8x1_mux:M26                                                                                         ; work         ;
;       |_2x1_mux:M6|                 ; 4 (4)             ; 0 (0)        ; 0           ; 0            ; 0       ; 0         ; 0         ; 0    ; 0            ; |alu32|_8x1_mux:M26|_2x1_mux:M6                                                                             ; work         ;
;    |_8x1_mux:M27|                   ; 4 (0)             ; 0 (0)        ; 0           ; 0            ; 0       ; 0         ; 0         ; 0    ; 0            ; |alu32|_8x1_mux:M27                                                                                         ; work         ;
;       |_2x1_mux:M6|                 ; 4 (4)             ; 0 (0)        ; 0           ; 0            ; 0       ; 0         ; 0         ; 0    ; 0            ; |alu32|_8x1_mux:M27|_2x1_mux:M6                                                                             ; work         ;
;    |_8x1_mux:M28|                   ; 4 (0)             ; 0 (0)        ; 0           ; 0            ; 0       ; 0         ; 0         ; 0    ; 0            ; |alu32|_8x1_mux:M28                                                                                         ; work         ;
;       |_2x1_mux:M6|                 ; 4 (4)             ; 0 (0)        ; 0           ; 0            ; 0       ; 0         ; 0         ; 0    ; 0            ; |alu32|_8x1_mux:M28|_2x1_mux:M6                                                                             ; work         ;
;    |_8x1_mux:M29|                   ; 4 (0)             ; 0 (0)        ; 0           ; 0            ; 0       ; 0         ; 0         ; 0    ; 0            ; |alu32|_8x1_mux:M29                                                                                         ; work         ;
;       |_2x1_mux:M6|                 ; 4 (4)             ; 0 (0)        ; 0           ; 0            ; 0       ; 0         ; 0         ; 0    ; 0            ; |alu32|_8x1_mux:M29|_2x1_mux:M6                                                                             ; work         ;
;    |_8x1_mux:M2|                    ; 4 (0)             ; 0 (0)        ; 0           ; 0            ; 0       ; 0         ; 0         ; 0    ; 0            ; |alu32|_8x1_mux:M2                                                                                          ; work         ;
;       |_2x1_mux:M6|                 ; 4 (4)             ; 0 (0)        ; 0           ; 0            ; 0       ; 0         ; 0         ; 0    ; 0            ; |alu32|_8x1_mux:M2|_2x1_mux:M6                                                                              ; work         ;
;    |_8x1_mux:M30|                   ; 4 (0)             ; 0 (0)        ; 0           ; 0            ; 0       ; 0         ; 0         ; 0    ; 0            ; |alu32|_8x1_mux:M30                                                                                         ; work         ;
;       |_2x1_mux:M6|                 ; 4 (4)             ; 0 (0)        ; 0           ; 0            ; 0       ; 0         ; 0         ; 0    ; 0            ; |alu32|_8x1_mux:M30|_2x1_mux:M6                                                                             ; work         ;
;    |_8x1_mux:M31|                   ; 7 (0)             ; 0 (0)        ; 0           ; 0            ; 0       ; 0         ; 0         ; 0    ; 0            ; |alu32|_8x1_mux:M31                                                                                         ; work         ;
;       |_2x1_mux:M6|                 ; 7 (7)             ; 0 (0)        ; 0           ; 0            ; 0       ; 0         ; 0         ; 0    ; 0            ; |alu32|_8x1_mux:M31|_2x1_mux:M6                                                                             ; work         ;
;    |_8x1_mux:M3|                    ; 4 (0)             ; 0 (0)        ; 0           ; 0            ; 0       ; 0         ; 0         ; 0    ; 0            ; |alu32|_8x1_mux:M3                                                                                          ; work         ;
;       |_2x1_mux:M6|                 ; 4 (4)             ; 0 (0)        ; 0           ; 0            ; 0       ; 0         ; 0         ; 0    ; 0            ; |alu32|_8x1_mux:M3|_2x1_mux:M6                                                                              ; work         ;
;    |_8x1_mux:M4|                    ; 6 (0)             ; 0 (0)        ; 0           ; 0            ; 0       ; 0         ; 0         ; 0    ; 0            ; |alu32|_8x1_mux:M4                                                                                          ; work         ;
;       |_2x1_mux:M6|                 ; 6 (6)             ; 0 (0)        ; 0           ; 0            ; 0       ; 0         ; 0         ; 0    ; 0            ; |alu32|_8x1_mux:M4|_2x1_mux:M6                                                                              ; work         ;
;    |_8x1_mux:M5|                    ; 5 (0)             ; 0 (0)        ; 0           ; 0            ; 0       ; 0         ; 0         ; 0    ; 0            ; |alu32|_8x1_mux:M5                                                                                          ; work         ;
;       |_2x1_mux:M6|                 ; 5 (5)             ; 0 (0)        ; 0           ; 0            ; 0       ; 0         ; 0         ; 0    ; 0            ; |alu32|_8x1_mux:M5|_2x1_mux:M6                                                                              ; work         ;
;    |_8x1_mux:M6|                    ; 4 (0)             ; 0 (0)        ; 0           ; 0            ; 0       ; 0         ; 0         ; 0    ; 0            ; |alu32|_8x1_mux:M6                                                                                          ; work         ;
;       |_2x1_mux:M6|                 ; 4 (4)             ; 0 (0)        ; 0           ; 0            ; 0       ; 0         ; 0         ; 0    ; 0            ; |alu32|_8x1_mux:M6|_2x1_mux:M6                                                                              ; work         ;
;    |_8x1_mux:M7|                    ; 4 (0)             ; 0 (0)        ; 0           ; 0            ; 0       ; 0         ; 0         ; 0    ; 0            ; |alu32|_8x1_mux:M7                                                                                          ; work         ;
;       |_2x1_mux:M6|                 ; 4 (4)             ; 0 (0)        ; 0           ; 0            ; 0       ; 0         ; 0         ; 0    ; 0            ; |alu32|_8x1_mux:M7|_2x1_mux:M6                                                                              ; work         ;
;    |_8x1_mux:M8|                    ; 4 (0)             ; 0 (0)        ; 0           ; 0            ; 0       ; 0         ; 0         ; 0    ; 0            ; |alu32|_8x1_mux:M8                                                                                          ; work         ;
;       |_2x1_mux:M6|                 ; 4 (4)             ; 0 (0)        ; 0           ; 0            ; 0       ; 0         ; 0         ; 0    ; 0            ; |alu32|_8x1_mux:M8|_2x1_mux:M6                                                                              ; work         ;
;    |_8x1_mux:M9|                    ; 4 (0)             ; 0 (0)        ; 0           ; 0            ; 0       ; 0         ; 0         ; 0    ; 0            ; |alu32|_8x1_mux:M9                                                                                          ; work         ;
;       |_2x1_mux:M6|                 ; 4 (4)             ; 0 (0)        ; 0           ; 0            ; 0       ; 0         ; 0         ; 0    ; 0            ; |alu32|_8x1_mux:M9|_2x1_mux:M6                                                                              ; work         ;
+-------------------------------------+-------------------+--------------+-------------+--------------+---------+-----------+-----------+------+--------------+-------------------------------------------------------------------------------------------------------------+--------------+
Note: For table entries with two numbers listed, the numbers in parentheses indicate the number of resources of the given type used by the specific entity alone. The numbers listed outside of parentheses indicate the total resources of the given type used by the specific entity and all of its sub-entities in the hierarchy.


+------------------------------------------------------+
; General Register Statistics                          ;
+----------------------------------------------+-------+
; Statistic                                    ; Value ;
+----------------------------------------------+-------+
; Total registers                              ; 0     ;
; Number of registers using Synchronous Clear  ; 0     ;
; Number of registers using Synchronous Load   ; 0     ;
; Number of registers using Asynchronous Clear ; 0     ;
; Number of registers using Asynchronous Load  ; 0     ;
; Number of registers using Clock Enable       ; 0     ;
; Number of registers using Preset             ; 0     ;
+----------------------------------------------+-------+


+-------------------------------------------------------------------------------------------------------------------------------------------------+
; Multiplexer Restructuring Statistics (Restructuring Performed)                                                                                  ;
+--------------------+-----------+---------------+----------------------+------------------------+------------+-----------------------------------+
; Multiplexer Inputs ; Bus Width ; Baseline Area ; Area if Restructured ; Saving if Restructured ; Registered ; Example Multiplexer Output        ;
+--------------------+-----------+---------------+----------------------+------------------------+------------+-----------------------------------+
; 5:1                ; 31 bits   ; 93 LEs        ; 93 LEs               ; 0 LEs                  ; No         ; |alu32|_8x1_mux:M1|_2x1_mux:M6|O0 ;
+--------------------+-----------+---------------+----------------------+------------------------+------------+-----------------------------------+


+------------------------------------------+
; Port Connectivity Checks: "_8x1_mux:M31" ;
+------+-------+----------+----------------+
; Port ; Type  ; Severity ; Details        ;
+------+-------+----------+----------------+
; I6   ; Input ; Info     ; Stuck at GND   ;
+------+-------+----------+----------------+


+------------------------------------------+
; Port Connectivity Checks: "_8x1_mux:M30" ;
+------+-------+----------+----------------+
; Port ; Type  ; Severity ; Details        ;
+------+-------+----------+----------------+
; I6   ; Input ; Info     ; Stuck at GND   ;
+------+-------+----------+----------------+


+------------------------------------------+
; Port Connectivity Checks: "_8x1_mux:M29" ;
+------+-------+----------+----------------+
; Port ; Type  ; Severity ; Details        ;
+------+-------+----------+----------------+
; I6   ; Input ; Info     ; Stuck at GND   ;
+------+-------+----------+----------------+


+------------------------------------------+
; Port Connectivity Checks: "_8x1_mux:M28" ;
+------+-------+----------+----------------+
; Port ; Type  ; Severity ; Details        ;
+------+-------+----------+----------------+
; I6   ; Input ; Info     ; Stuck at GND   ;
+------+-------+----------+----------------+


+------------------------------------------+
; Port Connectivity Checks: "_8x1_mux:M27" ;
+------+-------+----------+----------------+
; Port ; Type  ; Severity ; Details        ;
+------+-------+----------+----------------+
; I6   ; Input ; Info     ; Stuck at GND   ;
+------+-------+----------+----------------+


+------------------------------------------+
; Port Connectivity Checks: "_8x1_mux:M26" ;
+------+-------+----------+----------------+
; Port ; Type  ; Severity ; Details        ;
+------+-------+----------+----------------+
; I6   ; Input ; Info     ; Stuck at GND   ;
+------+-------+----------+----------------+


+------------------------------------------+
; Port Connectivity Checks: "_8x1_mux:M25" ;
+------+-------+----------+----------------+
; Port ; Type  ; Severity ; Details        ;
+------+-------+----------+----------------+
; I6   ; Input ; Info     ; Stuck at GND   ;
+------+-------+----------+----------------+


+------------------------------------------+
; Port Connectivity Checks: "_8x1_mux:M24" ;
+------+-------+----------+----------------+
; Port ; Type  ; Severity ; Details        ;
+------+-------+----------+----------------+
; I6   ; Input ; Info     ; Stuck at GND   ;
+------+-------+----------+----------------+


+------------------------------------------+
; Port Connectivity Checks: "_8x1_mux:M23" ;
+------+-------+----------+----------------+
; Port ; Type  ; Severity ; Details        ;
+------+-------+----------+----------------+
; I6   ; Input ; Info     ; Stuck at GND   ;
+------+-------+----------+----------------+


+------------------------------------------+
; Port Connectivity Checks: "_8x1_mux:M22" ;
+------+-------+----------+----------------+
; Port ; Type  ; Severity ; Details        ;
+------+-------+----------+----------------+
; I6   ; Input ; Info     ; Stuck at GND   ;
+------+-------+----------+----------------+


+------------------------------------------+
; Port Connectivity Checks: "_8x1_mux:M21" ;
+------+-------+----------+----------------+
; Port ; Type  ; Severity ; Details        ;
+------+-------+----------+----------------+
; I6   ; Input ; Info     ; Stuck at GND   ;
+------+-------+----------+----------------+


+------------------------------------------+
; Port Connectivity Checks: "_8x1_mux:M20" ;
+------+-------+----------+----------------+
; Port ; Type  ; Severity ; Details        ;
+------+-------+----------+----------------+
; I6   ; Input ; Info     ; Stuck at GND   ;
+------+-------+----------+----------------+


+------------------------------------------+
; Port Connectivity Checks: "_8x1_mux:M19" ;
+------+-------+----------+----------------+
; Port ; Type  ; Severity ; Details        ;
+------+-------+----------+----------------+
; I6   ; Input ; Info     ; Stuck at GND   ;
+------+-------+----------+----------------+


+------------------------------------------+
; Port Connectivity Checks: "_8x1_mux:M18" ;
+------+-------+----------+----------------+
; Port ; Type  ; Severity ; Details        ;
+------+-------+----------+----------------+
; I6   ; Input ; Info     ; Stuck at GND   ;
+------+-------+----------+----------------+


+------------------------------------------+
; Port Connectivity Checks: "_8x1_mux:M17" ;
+------+-------+----------+----------------+
; Port ; Type  ; Severity ; Details        ;
+------+-------+----------+----------------+
; I6   ; Input ; Info     ; Stuck at GND   ;
+------+-------+----------+----------------+


+------------------------------------------+
; Port Connectivity Checks: "_8x1_mux:M16" ;
+------+-------+----------+----------------+
; Port ; Type  ; Severity ; Details        ;
+------+-------+----------+----------------+
; I6   ; Input ; Info     ; Stuck at GND   ;
+------+-------+----------+----------------+


+------------------------------------------+
; Port Connectivity Checks: "_8x1_mux:M15" ;
+------+-------+----------+----------------+
; Port ; Type  ; Severity ; Details        ;
+------+-------+----------+----------------+
; I6   ; Input ; Info     ; Stuck at GND   ;
+------+-------+----------+----------------+


+------------------------------------------+
; Port Connectivity Checks: "_8x1_mux:M14" ;
+------+-------+----------+----------------+
; Port ; Type  ; Severity ; Details        ;
+------+-------+----------+----------------+
; I6   ; Input ; Info     ; Stuck at GND   ;
+------+-------+----------+----------------+


+------------------------------------------+
; Port Connectivity Checks: "_8x1_mux:M13" ;
+------+-------+----------+----------------+
; Port ; Type  ; Severity ; Details        ;
+------+-------+----------+----------------+
; I6   ; Input ; Info     ; Stuck at GND   ;
+------+-------+----------+----------------+


+------------------------------------------+
; Port Connectivity Checks: "_8x1_mux:M12" ;
+------+-------+----------+----------------+
; Port ; Type  ; Severity ; Details        ;
+------+-------+----------+----------------+
; I6   ; Input ; Info     ; Stuck at GND   ;
+------+-------+----------+----------------+


+------------------------------------------+
; Port Connectivity Checks: "_8x1_mux:M11" ;
+------+-------+----------+----------------+
; Port ; Type  ; Severity ; Details        ;
+------+-------+----------+----------------+
; I6   ; Input ; Info     ; Stuck at GND   ;
+------+-------+----------+----------------+


+------------------------------------------+
; Port Connectivity Checks: "_8x1_mux:M10" ;
+------+-------+----------+----------------+
; Port ; Type  ; Severity ; Details        ;
+------+-------+----------+----------------+
; I6   ; Input ; Info     ; Stuck at GND   ;
+------+-------+----------+----------------+


+-----------------------------------------+
; Port Connectivity Checks: "_8x1_mux:M9" ;
+------+-------+----------+---------------+
; Port ; Type  ; Severity ; Details       ;
+------+-------+----------+---------------+
; I6   ; Input ; Info     ; Stuck at GND  ;
+------+-------+----------+---------------+


+-----------------------------------------+
; Port Connectivity Checks: "_8x1_mux:M8" ;
+------+-------+----------+---------------+
; Port ; Type  ; Severity ; Details       ;
+------+-------+----------+---------------+
; I6   ; Input ; Info     ; Stuck at GND  ;
+------+-------+----------+---------------+


+-----------------------------------------+
; Port Connectivity Checks: "_8x1_mux:M7" ;
+------+-------+----------+---------------+
; Port ; Type  ; Severity ; Details       ;
+------+-------+----------+---------------+
; I6   ; Input ; Info     ; Stuck at GND  ;
+------+-------+----------+---------------+


+-----------------------------------------+
; Port Connectivity Checks: "_8x1_mux:M6" ;
+------+-------+----------+---------------+
; Port ; Type  ; Severity ; Details       ;
+------+-------+----------+---------------+
; I6   ; Input ; Info     ; Stuck at GND  ;
+------+-------+----------+---------------+


+-----------------------------------------+
; Port Connectivity Checks: "_8x1_mux:M5" ;
+------+-------+----------+---------------+
; Port ; Type  ; Severity ; Details       ;
+------+-------+----------+---------------+
; I6   ; Input ; Info     ; Stuck at GND  ;
+------+-------+----------+---------------+


+-----------------------------------------+
; Port Connectivity Checks: "_8x1_mux:M4" ;
+------+-------+----------+---------------+
; Port ; Type  ; Severity ; Details       ;
+------+-------+----------+---------------+
; I6   ; Input ; Info     ; Stuck at GND  ;
+------+-------+----------+---------------+


+-----------------------------------------+
; Port Connectivity Checks: "_8x1_mux:M3" ;
+------+-------+----------+---------------+
; Port ; Type  ; Severity ; Details       ;
+------+-------+----------+---------------+
; I6   ; Input ; Info     ; Stuck at GND  ;
+------+-------+----------+---------------+


+-----------------------------------------+
; Port Connectivity Checks: "_8x1_mux:M2" ;
+------+-------+----------+---------------+
; Port ; Type  ; Severity ; Details       ;
+------+-------+----------+---------------+
; I6   ; Input ; Info     ; Stuck at GND  ;
+------+-------+----------+---------------+


+-----------------------------------------+
; Port Connectivity Checks: "_8x1_mux:M1" ;
+------+-------+----------+---------------+
; Port ; Type  ; Severity ; Details       ;
+------+-------+----------+---------------+
; I6   ; Input ; Info     ; Stuck at GND  ;
+------+-------+----------+---------------+


+----------------------------------------------------------------------------------------------------------------------+
; Port Connectivity Checks: "_32_bit_set_less_than:slt_nums|_32_bit_subtractor:sub"                                    ;
+------------+--------+----------+-------------------------------------------------------------------------------------+
; Port       ; Type   ; Severity ; Details                                                                             ;
+------------+--------+----------+-------------------------------------------------------------------------------------+
; SUB[30..0] ; Output ; Info     ; Connected to dangling logic. Logic that only feeds a dangling port will be removed. ;
+------------+--------+----------+-------------------------------------------------------------------------------------+


+--------------------------------------------------------------------------+
; Port Connectivity Checks: "_32_bit_subtractor:sub_nums|_32_bit_adder:A0" ;
+------+-------+----------+------------------------------------------------+
; Port ; Type  ; Severity ; Details                                        ;
+------+-------+----------+------------------------------------------------+
; CIn  ; Input ; Info     ; Stuck at VCC                                   ;
+------+-------+----------+------------------------------------------------+


+----------------------------------------------------------------------------------------------------------------+
; Port Connectivity Checks: "_32_bit_subtractor:sub_nums"                                                        ;
+------+--------+----------+-------------------------------------------------------------------------------------+
; Port ; Type   ; Severity ; Details                                                                             ;
+------+--------+----------+-------------------------------------------------------------------------------------+
; Cout ; Output ; Info     ; Connected to dangling logic. Logic that only feeds a dangling port will be removed. ;
; C30  ; Output ; Info     ; Connected to dangling logic. Logic that only feeds a dangling port will be removed. ;
+------+--------+----------+-------------------------------------------------------------------------------------+


+----------------------------------------------------------------------------------------------------------------+
; Port Connectivity Checks: "_32_bit_adder:add_nums"                                                             ;
+------+--------+----------+-------------------------------------------------------------------------------------+
; Port ; Type   ; Severity ; Details                                                                             ;
+------+--------+----------+-------------------------------------------------------------------------------------+
; CIn  ; Input  ; Info     ; Stuck at GND                                                                        ;
; COut ; Output ; Info     ; Connected to dangling logic. Logic that only feeds a dangling port will be removed. ;
; C30  ; Output ; Info     ; Connected to dangling logic. Logic that only feeds a dangling port will be removed. ;
+------+--------+----------+-------------------------------------------------------------------------------------+


+-------------------------------+
; Elapsed Time Per Partition    ;
+----------------+--------------+
; Partition Name ; Elapsed Time ;
+----------------+--------------+
; Top            ; 00:00:01     ;
+----------------+--------------+


+-------------------------------+
; Analysis & Synthesis Messages ;
+-------------------------------+
Info: *******************************************************************
Info: Running Quartus II 64-Bit Analysis & Synthesis
    Info: Version 13.1.0 Build 162 10/23/2013 SJ Web Edition
    Info: Processing started: Thu Dec 08 20:06:45 2022
Info: Command: quartus_map --read_settings_files=on --write_settings_files=off 1901042646_hw2 -c 1901042646_hw2
Warning (20028): Parallel compilation is not licensed and has been disabled
Info (12021): Found 1 design units, including 1 entities, in source file control.v
    Info (12023): Found entity 1: control
Info (12021): Found 1 design units, including 1 entities, in source file datapath.v
    Info (12023): Found entity 1: datapath
Info (12021): Found 1 design units, including 1 entities, in source file alu32.v
    Info (12023): Found entity 1: alu32
Info (12021): Found 1 design units, including 1 entities, in source file alu32_test.v
    Info (12023): Found entity 1: alu32_test
Info (12021): Found 1 design units, including 1 entities, in source file half_adder.v
    Info (12023): Found entity 1: half_adder
Info (12021): Found 1 design units, including 1 entities, in source file full_adder.v
    Info (12023): Found entity 1: full_adder
Info (12021): Found 1 design units, including 1 entities, in source file _32_bit_adder.v
    Info (12023): Found entity 1: _32_bit_adder
Info (12021): Found 1 design units, including 1 entities, in source file half_adder_test.v
    Info (12023): Found entity 1: half_adder_test
Info (12021): Found 1 design units, including 1 entities, in source file full_adder_test.v
    Info (12023): Found entity 1: full_adder_test
Info (12021): Found 1 design units, including 1 entities, in source file _32_bit_adder_test.v
    Info (12023): Found entity 1: _32_bit_adder_test
Info (12021): Found 1 design units, including 1 entities, in source file _32_bit_set_less_than.v
    Info (12023): Found entity 1: _32_bit_set_less_than
Info (12021): Found 1 design units, including 1 entities, in source file _32_bit_subtractor.v
    Info (12023): Found entity 1: _32_bit_subtractor
Info (12021): Found 1 design units, including 1 entities, in source file _32_bit_subtractor_test.v
    Info (12023): Found entity 1: _32_bit_subtractor_test
Info (12021): Found 1 design units, including 1 entities, in source file _32_bit_set_less_than_test.v
    Info (12023): Found entity 1: _32_bit_set_less_than_test
Info (12021): Found 1 design units, including 1 entities, in source file _32_bits_and.v
    Info (12023): Found entity 1: _32_bits_and
Info (12021): Found 1 design units, including 1 entities, in source file _32_bits_or.v
    Info (12023): Found entity 1: _32_bits_or
Info (12021): Found 1 design units, including 1 entities, in source file _32_bits_xor.v
    Info (12023): Found entity 1: _32_bits_xor
Info (12021): Found 1 design units, including 1 entities, in source file _32_bits_nor.v
    Info (12023): Found entity 1: _32_bits_nor
Info (12021): Found 1 design units, including 1 entities, in source file _32bits_or_test.v
    Info (12023): Found entity 1: _32bits_or_test
Info (12021): Found 1 design units, including 1 entities, in source file _32bits_and_test.v
    Info (12023): Found entity 1: _32bits_and_test
Info (12021): Found 1 design units, including 1 entities, in source file _32bits_xor_test.v
    Info (12023): Found entity 1: _32bits_xor_test
Info (12021): Found 1 design units, including 1 entities, in source file _32bits_nor_test.v
    Info (12023): Found entity 1: _32bits_nor_test
Info (12021): Found 1 design units, including 1 entities, in source file _8x1_mux.v
    Info (12023): Found entity 1: _8x1_mux
Info (12021): Found 1 design units, including 1 entities, in source file _8x1_mux_test.v
    Info (12023): Found entity 1: _8x1_mux_test
Info (12021): Found 1 design units, including 1 entities, in source file _2x1_mux.v
    Info (12023): Found entity 1: _2x1_mux
Info (12021): Found 1 design units, including 1 entities, in source file _2x1_mux_test.v
    Info (12023): Found entity 1: _2x1_mux_test
Info (12127): Elaborating entity "alu32" for the top level hierarchy
Info (12128): Elaborating entity "_32_bit_adder" for hierarchy "_32_bit_adder:add_nums"
Info (12128): Elaborating entity "full_adder" for hierarchy "_32_bit_adder:add_nums|full_adder:FA0"
Info (12128): Elaborating entity "half_adder" for hierarchy "_32_bit_adder:add_nums|full_adder:FA0|half_adder:HA1"
Info (12128): Elaborating entity "_32_bit_subtractor" for hierarchy "_32_bit_subtractor:sub_nums"
Info (12128): Elaborating entity "_32_bits_xor" for hierarchy "_32_bits_xor:xor_nums"
Info (12128): Elaborating entity "_32_bits_and" for hierarchy "_32_bits_and:and_nums"
Info (12128): Elaborating entity "_32_bits_or" for hierarchy "_32_bits_or:or_nums"
Info (12128): Elaborating entity "_32_bit_set_less_than" for hierarchy "_32_bit_set_less_than:slt_nums"
Info (12128): Elaborating entity "_32_bits_nor" for hierarchy "_32_bits_nor:nor_nums"
Info (12128): Elaborating entity "_8x1_mux" for hierarchy "_8x1_mux:M0"
Info (12128): Elaborating entity "_2x1_mux" for hierarchy "_8x1_mux:M0|_2x1_mux:M0"
Info (286030): Timing-Driven Synthesis is running
Info (144001): Generated suppressed messages file C:/Users/Mert/Desktop/1901042646_hw2/output_files/1901042646_hw2.map.smsg
Info (16010): Generating hard_block partition "hard_block:auto_generated_inst"
    Info (16011): Adding 0 node(s), including 0 DDIO, 0 PLL, 0 transceiver and 0 LCELL
Info (21057): Implemented 299 device resources after synthesis - the final resource count might be different
    Info (21058): Implemented 67 input pins
    Info (21059): Implemented 32 output pins
    Info (21061): Implemented 200 logic cells
Info: Quartus II 64-Bit Analysis & Synthesis was successful. 0 errors, 1 warning
    Info: Peak virtual memory: 4673 megabytes
    Info: Processing ended: Thu Dec 08 20:06:49 2022
    Info: Elapsed time: 00:00:04
    Info: Total CPU time (on all processors): 00:00:04


+------------------------------------------+
; Analysis & Synthesis Suppressed Messages ;
+------------------------------------------+
The suppressed messages can be found in C:/Users/Mert/Desktop/1901042646_hw2/output_files/1901042646_hw2.map.smsg.


